<?xml version="1.0" encoding="UTF-8"?>
<!-- Generated by org.testng.reporters.JUnitReportReporter -->
<testsuite skipped="0" hostname="Inspiron" name="com.sun.ContextClick" tests="1" failures="0" timestamp="2020-03-07T15:48:03 EST" time="23.908" errors="0">
  <testcase name="RightClickTest" time="23.908" classname="com.sun.ContextClick"/>
</testsuite> <!-- com.sun.ContextClick -->
