<?xml version="1.0" encoding="UTF-8"?>
<!-- Generated by org.testng.reporters.JUnitReportReporter -->
<testsuite skipped="0" hostname="Inspiron" name="com.sun.RightClickTest" tests="1" failures="0" timestamp="2020-03-08T15:47:09 EDT" time="2.807" errors="0">
  <testcase name="rightClicktest" time="2.807" classname="com.sun.RightClickTest"/>
</testsuite> <!-- com.sun.RightClickTest -->
