<?xml version="1.0" encoding="UTF-8"?>
<!-- Generated by org.testng.reporters.JUnitReportReporter -->
<testsuite skipped="0" hostname="Inspiron" name="example.NewTest" tests="1" failures="0" timestamp="2020-03-16T15:51:40 EDT" time="7.295" errors="0">
  <testcase name="testEasy" time="7.295" classname="example.NewTest"/>
</testsuite> <!-- example.NewTest -->
